RMI server started
1
java RMI registry already exists.
PeerServer bound in registry
1 worked.. :)
lockStatus of 1 : 1
1 Inside getLock function
Hello i am 1 .ReceiveLockRequest from 0 .His clock was {(0,1)}. My clock was {(0,1),(1,1)}
Added my request to queue
Hello i am 1 .SendingLockRequest to 0 .My clock was {(0,1),(1,1)}
Hello i am 1 .SendingLockRequest to 2 .My clock was {(0,1),(1,1)}
Hello i am 1 .ReceiveLockRequest from 2 .His clock was {(2,1)}. My clock was {(0,1),(1,1),(2,1)}
Added request from 2
{(2,1)} -> 1 ::: {(2,1)} -> 2 ::: 
2 said ok, so adding it to acks.
Hello i am 1 .ReceiveUnlockRequest from 0
lockStatus of 1 : 2
globalCounter: 304
lockStatus of 1 : 3
{(2,1)} -> 1 ::: {(2,1)} -> 2 ::: 
Deleting my lock request
{(2,1)} -> 2 ::: 
Hello i am 1 .SendingUnlockRequest to 2 .Released clock was {(2,1)}
lockStatus of 1 : 0
1 worked.. :)
lockStatus of 1 : 1
1 Inside getLock function
